Danu/build/intermediates/manifest_merge_blame_file/debug/manifest-merger-blame-debug-report.txt
1<?xml version="1.0" encoding="utf-8"?>
2<manifest xmlns:android="http://schemas.android.com/apk/res/android"
3    package="com.example.myapplication"
4    android:versionCode="1"
5    android:versionName="1.0" >
6
7    <uses-sdk
8        android:minSdkVersion="21"
8-->src\main\AndroidManifest.xml
9        android:targetSdkVersion="31" />
9-->src\main\AndroidManifest.xml
10
11    <!-- Although the *SdkVersion is captured in gradle build files, this is required for non gradle builds -->
12    <!-- <uses-sdk android:minSdkVersion="14"/> -->
13    <uses-permission android:name="android.permission.ACCESS_NETWORK_STATE" />
13-->[com.google.firebase:firebase-database:20.0.2] AndroidManifest.xml:25:5-79
13-->[com.google.firebase:firebase-database:20.0.2] AndroidManifest.xml:25:22-76
14    <uses-permission android:name="android.permission.INTERNET" />
14-->[com.google.firebase:firebase-database:20.0.2] AndroidManifest.xml:26:5-67
14-->[com.google.firebase:firebase-database:20.0.2] AndroidManifest.xml:26:22-64
15
16    <application
16-->src\main\AndroidManifest.xml:5:5-24:19
17        android:allowBackup="true"
17-->src\main\AndroidManifest.xml:6:9-35
18        android:appComponentFactory="androidx.core.app.CoreComponentFactory"
18-->[androidx.core:core:1.5.0] AndroidManifest.xml:24:18-86
19        android:debuggable="true"
20        android:icon="@mipmap/ic_launcher"
20-->src\main\AndroidManifest.xml:7:9-43
21        android:label="@string/app_name"
21-->src\main\AndroidManifest.xml:8:9-41
22        android:roundIcon="@mipmap/ic_launcher_round"
22-->src\main\AndroidManifest.xml:9:9-54
23        android:supportsRtl="true"
23-->src\main\AndroidManifest.xml:10:9-35
24        android:testOnly="true"
25        android:theme="@style/Theme.MyApplication" >
25-->src\main\AndroidManifest.xml:11:9-51
26        <activity android:name="com.example.myapplication.MainActivity5" />
26-->src\main\AndroidManifest.xml:12:9-60
26-->src\main\AndroidManifest.xml:12:19-48
27        <activity android:name="com.example.myapplication.MainActivity4" />
27-->src\main\AndroidManifest.xml:13:9-60
27-->src\main\AndroidManifest.xml:13:19-48
28        <activity android:name="com.example.myapplication.MainActivity3" />
28-->src\main\AndroidManifest.xml:14:9-60
28-->src\main\AndroidManifest.xml:14:19-48
29        <activity android:name="com.example.myapplication.MainActivity2" />
29-->src\main\AndroidManifest.xml:15:9-60
29-->src\main\AndroidManifest.xml:15:19-48
30        <activity
30-->src\main\AndroidManifest.xml:16:9-23:20
31            android:name="com.example.myapplication.MainActivity"
31-->src\main\AndroidManifest.xml:16:19-47
32            android:exported="true" >
32-->src\main\AndroidManifest.xml:17:13-36
33            <intent-filter>
33-->src\main\AndroidManifest.xml:18:13-22:29
34                <action android:name="android.intent.action.MAIN" />
34-->src\main\AndroidManifest.xml:19:17-69
34-->src\main\AndroidManifest.xml:19:25-66
35
36                <category android:name="android.intent.category.LAUNCHER" />
36-->src\main\AndroidManifest.xml:21:17-77
36-->src\main\AndroidManifest.xml:21:27-74
37            </intent-filter>
38        </activity>
39
40        <service
40-->[com.google.firebase:firebase-database:20.0.2] AndroidManifest.xml:29:9-35:19
41            android:name="com.google.firebase.components.ComponentDiscoveryService"
41-->[com.google.firebase:firebase-database:20.0.2] AndroidManifest.xml:30:13-84
42            android:directBootAware="true"
42-->[com.google.firebase:firebase-common:20.0.0] AndroidManifest.xml:35:13-43
43            android:exported="false" >
43-->[com.google.firebase:firebase-database:20.0.2] AndroidManifest.xml:31:13-37
44            <meta-data
44-->[com.google.firebase:firebase-database:20.0.2] AndroidManifest.xml:32:13-34:85
45                android:name="com.google.firebase.components:com.google.firebase.database.DatabaseRegistrar"
45-->[com.google.firebase:firebase-database:20.0.2] AndroidManifest.xml:33:17-109
46                android:value="com.google.firebase.components.ComponentRegistrar" />
46-->[com.google.firebase:firebase-database:20.0.2] AndroidManifest.xml:34:17-82
47        </service>
48
49        <provider
49-->[com.google.firebase:firebase-common:20.0.0] AndroidManifest.xml:26:9-31:39
50            android:name="com.google.firebase.provider.FirebaseInitProvider"
50-->[com.google.firebase:firebase-common:20.0.0] AndroidManifest.xml:27:13-77
51            android:authorities="com.example.myapplication.firebaseinitprovider"
51-->[com.google.firebase:firebase-common:20.0.0] AndroidManifest.xml:28:13-72
52            android:directBootAware="true"
52-->[com.google.firebase:firebase-common:20.0.0] AndroidManifest.xml:29:13-43
53            android:exported="false"
53-->[com.google.firebase:firebase-common:20.0.0] AndroidManifest.xml:30:13-37
54            android:initOrder="100" />
54-->[com.google.firebase:firebase-common:20.0.0] AndroidManifest.xml:31:13-36
55
56        <activity
56-->[com.google.android.gms:play-services-base:17.1.0] AndroidManifest.xml:23:9-26:75
57            android:name="com.google.android.gms.common.api.GoogleApiActivity"
57-->[com.google.android.gms:play-services-base:17.1.0] AndroidManifest.xml:24:13-79
58            android:exported="false"
58-->[com.google.android.gms:play-services-base:17.1.0] AndroidManifest.xml:25:13-37
59            android:theme="@android:style/Theme.Translucent.NoTitleBar" />
59-->[com.google.android.gms:play-services-base:17.1.0] AndroidManifest.xml:26:13-72
60
61        <meta-data
61-->[com.google.android.gms:play-services-basement:17.0.0] AndroidManifest.xml:23:9-25:69
62            android:name="com.google.android.gms.version"
62-->[com.google.android.gms:play-services-basement:17.0.0] AndroidManifest.xml:24:13-58
63            android:value="@integer/google_play_services_version" />
63-->[com.google.android.gms:play-services-basement:17.0.0] AndroidManifest.xml:25:13-66
64    </application>
65
66</manifest>